# JRE version: OpenJDK Runtime Environment (17.0.6) (build 17.0.6+0-b2043.56-10027231)
# Java VM: OpenJDK 64-Bit Server VM (17.0.6+0-b2043.56-10027231, mixed mode, tiered, compressed oops, compressed class ptrs, g1 gc, windows-amd64)
GC Precious Log:
 CPUs: 12 total, 12 available
 Memory: 16197M
 Large Page Support: Disabled
 NUMA Support: Disabled
 Compressed Oops: Enabled (32-bit)
 Heap Region Size: 1M
 Heap Min Capacity: 8M
 Heap Initial Capacity: 254M
 Heap Max Capacity: 2G
 Pre-touch: Disabled
 Parallel Workers: 10
 Concurrent Workers: 3
 Concurrent Refinement Workers: 10
 Periodic GC: Disabled
Heap:
 garbage-first heap   total 386048K, used 125857K [0x0000000080000000, 0x0000000100000000)
  region size 1024K, 5 young (5120K), 5 survivors (5120K)
 Metaspace       used 133463K, committed 134656K, reserved 1171456K
  class space    used 17895K, committed 18496K, reserved 1048576K
GC Heap History (20 events):
Event: 1148.477 GC heap after
{Heap after GC invocations=66 (full 0):
 garbage-first heap   total 386048K, used 128418K [0x0000000080000000, 0x0000000100000000)
  region size 1024K, 2 young (2048K), 2 survivors (2048K)
 Metaspace       used 130888K, committed 131840K, reserved 1163264K
  class space    used 17644K, committed 18112K, reserved 1048576K
}
Event: 1148.581 GC heap before
{Heap before GC invocations=66 (full 0):
 garbage-first heap   total 386048K, used 150946K [0x0000000080000000, 0x0000000100000000)
  region size 1024K, 25 young (25600K), 2 survivors (2048K)
 Metaspace       used 130979K, committed 131968K, reserved 1163264K
  class space    used 17644K, committed 18112K, reserved 1048576K
}
Event: 1148.583 GC heap after
{Heap after GC invocations=67 (full 0):
 garbage-first heap   total 386048K, used 129901K [0x0000000080000000, 0x0000000100000000)
  region size 1024K, 4 young (4096K), 4 survivors (4096K)
 Metaspace       used 130979K, committed 131968K, reserved 1163264K
  class space    used 17644K, committed 18112K, reserved 1048576K
}
Event: 1149.068 GC heap before
{Heap before GC invocations=68 (full 0):
 garbage-first heap   total 386048K, used 306029K [0x0000000080000000, 0x0000000100000000)
  region size 1024K, 173 young (177152K), 4 survivors (4096K)
 Metaspace       used 131789K, committed 132800K, reserved 1163264K
  class space    used 17726K, committed 18240K, reserved 1048576K
}
Event: 1149.071 GC heap after
{Heap after GC invocations=69 (full 0):
 garbage-first heap   total 386048K, used 134302K [0x0000000080000000, 0x0000000100000000)
  region size 1024K, 6 young (6144K), 6 survivors (6144K)
 Metaspace       used 131789K, committed 132800K, reserved 1163264K
  class space    used 17726K, committed 18240K, reserved 1048576K
}
Event: 1149.104 GC heap before
{Heap before GC invocations=69 (full 0):
 garbage-first heap   total 386048K, used 145566K [0x0000000080000000, 0x0000000100000000)
  region size 1024K, 18 young (18432K), 6 survivors (6144K)
 Metaspace       used 131928K, committed 132864K, reserved 1163264K
  class space    used 17743K, committed 18240K, reserved 1048576K
}
Event: 1149.106 GC heap after
{Heap after GC invocations=70 (full 0):
 garbage-first heap   total 386048K, used 124615K [0x0000000080000000, 0x0000000100000000)
  region size 1024K, 2 young (2048K), 2 survivors (2048K)
 Metaspace       used 131928K, committed 132864K, reserved 1163264K
  class space    used 17743K, committed 18240K, reserved 1048576K
}
Event: 1149.111 GC heap before
{Heap before GC invocations=70 (full 0):
 garbage-first heap   total 386048K, used 127687K [0x0000000080000000, 0x0000000100000000)
  region size 1024K, 6 young (6144K), 2 survivors (2048K)
 Metaspace       used 131936K, committed 132928K, reserved 1163264K
  class space    used 17743K, committed 18240K, reserved 1048576K
}
Event: 1149.112 GC heap after
{Heap after GC invocations=71 (full 0):
 garbage-first heap   total 386048K, used 125004K [0x0000000080000000, 0x0000000100000000)
  region size 1024K, 2 young (2048K), 2 survivors (2048K)
 Metaspace       used 131936K, committed 132928K, reserved 1163264K
  class space    used 17743K, committed 18240K, reserved 1048576K
}
Event: 1373.764 GC heap before
{Heap before GC invocations=72 (full 0):
 garbage-first heap   total 386048K, used 333900K [0x0000000080000000, 0x0000000100000000)
  region size 1024K, 146 young (149504K), 2 survivors (2048K)
 Metaspace       used 132515K, committed 133504K, reserved 1171456K
  class space    used 17757K, committed 18240K, reserved 1048576K
}
Event: 1373.768 GC heap after
{Heap after GC invocations=73 (full 0):
 garbage-first heap   total 386048K, used 130004K [0x0000000080000000, 0x0000000100000000)
  region size 1024K, 7 young (7168K), 7 survivors (7168K)
 Metaspace       used 132515K, committed 133504K, reserved 1171456K
  class space    used 17757K, committed 18240K, reserved 1048576K
}
Event: 1373.795 GC heap before
{Heap before GC invocations=73 (full 0):
 garbage-first heap   total 386048K, used 140244K [0x0000000080000000, 0x0000000100000000)
  region size 1024K, 18 young (18432K), 7 survivors (7168K)
 Metaspace       used 132532K, committed 133504K, reserved 1171456K
  class space    used 17757K, committed 18240K, reserved 1048576K
}
Event: 1373.800 GC heap after
{Heap after GC invocations=74 (full 0):
 garbage-first heap   total 386048K, used 127453K [0x0000000080000000, 0x0000000100000000)
  region size 1024K, 2 young (2048K), 2 survivors (2048K)
 Metaspace       used 132532K, committed 133504K, reserved 1171456K
  class space    used 17757K, committed 18240K, reserved 1048576K
}
Event: 1374.507 GC heap before
{Heap before GC invocations=74 (full 0):
 garbage-first heap   total 386048K, used 173533K [0x0000000080000000, 0x0000000100000000)
  region size 1024K, 49 young (50176K), 2 survivors (2048K)
 Metaspace       used 132566K, committed 133568K, reserved 1171456K
  class space    used 17757K, committed 18240K, reserved 1048576K
}
Event: 1374.509 GC heap after
{Heap after GC invocations=75 (full 0):
 garbage-first heap   total 386048K, used 130766K [0x0000000080000000, 0x0000000100000000)
  region size 1024K, 5 young (5120K), 5 survivors (5120K)
 Metaspace       used 132566K, committed 133568K, reserved 1171456K
  class space    used 17757K, committed 18240K, reserved 1048576K
}
Event: 1840.339 GC heap before
{Heap before GC invocations=76 (full 0):
 garbage-first heap   total 386048K, used 353998K [0x0000000080000000, 0x0000000100000000)
  region size 1024K, 126 young (129024K), 5 survivors (5120K)
 Metaspace       used 133147K, committed 134208K, reserved 1171456K
  class space    used 17818K, committed 18368K, reserved 1048576K
}
Event: 1840.342 GC heap after
{Heap after GC invocations=77 (full 0):
 garbage-first heap   total 386048K, used 127773K [0x0000000080000000, 0x0000000100000000)
  region size 1024K, 7 young (7168K), 7 survivors (7168K)
 Metaspace       used 133147K, committed 134208K, reserved 1171456K
  class space    used 17818K, committed 18368K, reserved 1048576K
}
Event: 1840.397 GC heap before
{Heap before GC invocations=77 (full 0):
 garbage-first heap   total 386048K, used 138013K [0x0000000080000000, 0x0000000100000000)
  region size 1024K, 18 young (18432K), 7 survivors (7168K)
 Metaspace       used 133245K, committed 134336K, reserved 1171456K
  class space    used 17840K, committed 18368K, reserved 1048576K
}
Event: 1840.402 GC heap after
{Heap after GC invocations=78 (full 0):
 garbage-first heap   total 386048K, used 122645K [0x0000000080000000, 0x0000000100000000)
  region size 1024K, 2 young (2048K), 2 survivors (2048K)
 Metaspace       used 133245K, committed 134336K, reserved 1171456K
  class space    used 17840K, committed 18368K, reserved 1048576K
}
Event: 1840.528 GC heap before
{Heap before GC invocations=78 (full 0):
 garbage-first heap   total 386048K, used 139029K [0x0000000080000000, 0x0000000100000000)
  region size 1024K, 19 young (19456K), 2 survivors (2048K)
 Metaspace       used 133463K, committed 134656K, reserved 1171456K
  class space    used 17895K, committed 18496K, reserved 1048576K
}

